<?xml version="1.0" encoding="UTF-8"?>
<testsuite name="org.example.CalcTest" tests="6" skipped="0" failures="0" errors="0" timestamp="2025-03-18T05:43:45" hostname="KOREAIT" time="0.033">
  <properties/>
  <testcase name="1 + 1 == 2" classname="org.example.CalcTest" time="0.026"/>
  <testcase name="2 + 1 == 3" classname="org.example.CalcTest" time="0.001"/>
  <testcase name="2 + 2 == 4" classname="org.example.CalcTest" time="0.0"/>
  <testcase name="1000 + 200 == 1200" classname="org.example.CalcTest" time="0.001"/>
  <testcase name="50 - 30 == 20" classname="org.example.CalcTest" time="0.001"/>
  <testcase name="10 + 20 + 30 == 60" classname="org.example.CalcTest" time="0.001"/>
  <system-out><![CDATA[]]></system-out>
  <system-err><![CDATA[]]></system-err>
</testsuite>
