<?xml version="1.0" encoding="UTF-8"?>
<testsuite name="org.example.CalcTest" tests="1" skipped="0" failures="0" errors="0" timestamp="2025-03-18T05:14:11" hostname="KOREAIT" time="0.026">
  <properties/>
  <testcase name="1 + 1 == 2" classname="org.example.CalcTest" time="0.026"/>
  <system-out><![CDATA[]]></system-out>
  <system-err><![CDATA[]]></system-err>
</testsuite>
